<?xml version="1.0" encoding="UTF-8"?>
<!-- Generated by org.testng.reporters.JUnitReportReporter -->
<testsuite hostname="sk" failures="0" tests="2" name="appTests.AppTest" time="34.996" errors="0" timestamp="2022-10-11T11:34:41 IST" skipped="0">
  <testcase classname="appTests.AppTest" name="f" time="32.979"/>
  <testcase classname="appTests.AppTest" name="LaunchChrome" time="2.017"/>
</testsuite> <!-- appTests.AppTest -->
